<?xml version="1.0" encoding="UTF-8"?>
<testsuite xmlns:xsi="http://www.w3.org/2001/XMLSchema-instance" xsi:noNamespaceSchemaLocation="https://maven.apache.org/surefire/maven-surefire-plugin/xsd/surefire-test-report-3.0.xsd" version="3.0" name="TestSuite" time="50.988" tests="1" errors="0" skipped="0" failures="1">
  <properties>
    <property name="java.specification.version" value="17"/>
    <property name="webdriver.chrome.driver" value="C:\Users\Fatema\.cache\selenium\chromedriver\win32\113.0.5672.63\chromedriver.exe"/>
    <property name="sun.cpu.isalist" value="amd64"/>
    <property name="sun.jnu.encoding" value="Cp1252"/>
    <property name="java.class.path" value="C:\Users\Fatema\eclipse-workspace\hybrid_Automation_FW_Fatem\target\test-classes;C:\Users\Fatema\eclipse-workspace\hybrid_Automation_FW_Fatem\target\classes;C:\Users\Fatema\.m2\repository\com\aventstack\extentreports\3.1.2\extentreports-3.1.2.jar;C:\Users\Fatema\.m2\repository\org\freemarker\freemarker\2.3.23\freemarker-2.3.23.jar;C:\Users\Fatema\.m2\repository\org\mongodb\mongodb-driver\3.3.0\mongodb-driver-3.3.0.jar;C:\Users\Fatema\.m2\repository\org\mongodb\bson\3.3.0\bson-3.3.0.jar;C:\Users\Fatema\.m2\repository\org\mongodb\mongodb-driver-core\3.3.0\mongodb-driver-core-3.3.0.jar;C:\Users\Fatema\.m2\repository\org\apache\httpcomponents\httpclient\4.5.2\httpclient-4.5.2.jar;C:\Users\Fatema\.m2\repository\org\apache\httpcomponents\httpcore\4.4.4\httpcore-4.4.4.jar;C:\Users\Fatema\.m2\repository\commons-logging\commons-logging\1.2\commons-logging-1.2.jar;C:\Users\Fatema\.m2\repository\org\apache\httpcomponents\httpmime\4.5.2\httpmime-4.5.2.jar;C:\Users\Fatema\.m2\repository\org\jsoup\jsoup\1.9.2\jsoup-1.9.2.jar;C:\Users\Fatema\.m2\repository\com\google\code\gson\gson\2.8.0\gson-2.8.0.jar;C:\Users\Fatema\.m2\repository\org\testng\testng\6.14.3\testng-6.14.3.jar;C:\Users\Fatema\.m2\repository\com\beust\jcommander\1.72\jcommander-1.72.jar;C:\Users\Fatema\.m2\repository\org\apache-extras\beanshell\bsh\2.0b6\bsh-2.0b6.jar;C:\Users\Fatema\.m2\repository\com\oracle\ojdbc\ojdbc8\19.3.0.0\ojdbc8-19.3.0.0.jar;C:\Users\Fatema\.m2\repository\com\oracle\ojdbc\ucp\19.3.0.0\ucp-19.3.0.0.jar;C:\Users\Fatema\.m2\repository\com\oracle\ojdbc\oraclepki\19.3.0.0\oraclepki-19.3.0.0.jar;C:\Users\Fatema\.m2\repository\com\oracle\ojdbc\osdt_cert\19.3.0.0\osdt_cert-19.3.0.0.jar;C:\Users\Fatema\.m2\repository\com\oracle\ojdbc\osdt_core\19.3.0.0\osdt_core-19.3.0.0.jar;C:\Users\Fatema\.m2\repository\com\oracle\ojdbc\simplefan\19.3.0.0\simplefan-19.3.0.0.jar;C:\Users\Fatema\.m2\repository\com\oracle\ojdbc\ons\19.3.0.0\ons-19.3.0.0.jar;C:\Users\Fatema\.m2\repository\org\apache\poi\poi\3.11\poi-3.11.jar;C:\Users\Fatema\.m2\repository\commons-codec\commons-codec\1.9\commons-codec-1.9.jar;C:\Users\Fatema\.m2\repository\org\apache\poi\poi-ooxml\3.11\poi-ooxml-3.11.jar;C:\Users\Fatema\.m2\repository\org\apache\poi\poi-ooxml-schemas\3.11\poi-ooxml-schemas-3.11.jar;C:\Users\Fatema\.m2\repository\org\apache\xmlbeans\xmlbeans\2.6.0\xmlbeans-2.6.0.jar;C:\Users\Fatema\.m2\repository\stax\stax-api\1.0.1\stax-api-1.0.1.jar;C:\Users\Fatema\.m2\repository\org\seleniumhq\selenium\selenium-java\3.141.59\selenium-java-3.141.59.jar;C:\Users\Fatema\.m2\repository\org\seleniumhq\selenium\selenium-api\3.141.59\selenium-api-3.141.59.jar;C:\Users\Fatema\.m2\repository\org\seleniumhq\selenium\selenium-chrome-driver\3.141.59\selenium-chrome-driver-3.141.59.jar;C:\Users\Fatema\.m2\repository\org\seleniumhq\selenium\selenium-edge-driver\3.141.59\selenium-edge-driver-3.141.59.jar;C:\Users\Fatema\.m2\repository\org\seleniumhq\selenium\selenium-firefox-driver\3.141.59\selenium-firefox-driver-3.141.59.jar;C:\Users\Fatema\.m2\repository\org\seleniumhq\selenium\selenium-ie-driver\3.141.59\selenium-ie-driver-3.141.59.jar;C:\Users\Fatema\.m2\repository\org\seleniumhq\selenium\selenium-opera-driver\3.141.59\selenium-opera-driver-3.141.59.jar;C:\Users\Fatema\.m2\repository\org\seleniumhq\selenium\selenium-remote-driver\3.141.59\selenium-remote-driver-3.141.59.jar;C:\Users\Fatema\.m2\repository\org\seleniumhq\selenium\selenium-safari-driver\3.141.59\selenium-safari-driver-3.141.59.jar;C:\Users\Fatema\.m2\repository\org\seleniumhq\selenium\selenium-support\3.141.59\selenium-support-3.141.59.jar;C:\Users\Fatema\.m2\repository\net\bytebuddy\byte-buddy\1.8.15\byte-buddy-1.8.15.jar;C:\Users\Fatema\.m2\repository\org\apache\commons\commons-exec\1.3\commons-exec-1.3.jar;C:\Users\Fatema\.m2\repository\com\google\guava\guava\25.0-jre\guava-25.0-jre.jar;C:\Users\Fatema\.m2\repository\com\google\code\findbugs\jsr305\1.3.9\jsr305-1.3.9.jar;C:\Users\Fatema\.m2\repository\org\checkerframework\checker-compat-qual\2.0.0\checker-compat-qual-2.0.0.jar;C:\Users\Fatema\.m2\repository\com\google\errorprone\error_prone_annotations\2.1.3\error_prone_annotations-2.1.3.jar;C:\Users\Fatema\.m2\repository\com\google\j2objc\j2objc-annotations\1.1\j2objc-annotations-1.1.jar;C:\Users\Fatema\.m2\repository\org\codehaus\mojo\animal-sniffer-annotations\1.14\animal-sniffer-annotations-1.14.jar;C:\Users\Fatema\.m2\repository\com\squareup\okhttp3\okhttp\3.11.0\okhttp-3.11.0.jar;C:\Users\Fatema\.m2\repository\com\squareup\okio\okio\1.14.0\okio-1.14.0.jar;C:\Users\Fatema\.m2\repository\org\slf4j\slf4j-api\1.7.25\slf4j-api-1.7.25.jar;C:\Users\Fatema\.m2\repository\org\slf4j\slf4j-log4j12\1.7.25\slf4j-log4j12-1.7.25.jar;C:\Users\Fatema\.m2\repository\log4j\log4j\1.2.17\log4j-1.2.17.jar;C:\Users\Fatema\.m2\repository\io\cucumber\cucumber-testng\6.10.4\cucumber-testng-6.10.4.jar;C:\Users\Fatema\.m2\repository\org\apiguardian\apiguardian-api\1.1.1\apiguardian-api-1.1.1.jar;C:\Users\Fatema\.m2\repository\io\cucumber\cucumber-core\6.10.4\cucumber-core-6.10.4.jar;C:\Users\Fatema\.m2\repository\io\cucumber\cucumber-gherkin\6.10.4\cucumber-gherkin-6.10.4.jar;C:\Users\Fatema\.m2\repository\io\cucumber\cucumber-gherkin-messages\6.10.4\cucumber-gherkin-messages-6.10.4.jar;C:\Users\Fatema\.m2\repository\io\cucumber\messages\15.0.0\messages-15.0.0.jar;C:\Users\Fatema\.m2\repository\io\cucumber\tag-expressions\3.0.1\tag-expressions-3.0.1.jar;C:\Users\Fatema\.m2\repository\io\cucumber\cucumber-expressions\10.3.0\cucumber-expressions-10.3.0.jar;C:\Users\Fatema\.m2\repository\io\cucumber\datatable\3.5.0\datatable-3.5.0.jar;C:\Users\Fatema\.m2\repository\io\cucumber\cucumber-plugin\6.10.4\cucumber-plugin-6.10.4.jar;C:\Users\Fatema\.m2\repository\io\cucumber\docstring\6.10.4\docstring-6.10.4.jar;C:\Users\Fatema\.m2\repository\io\cucumber\html-formatter\13.0.0\html-formatter-13.0.0.jar;C:\Users\Fatema\.m2\repository\io\cucumber\create-meta\4.0.0\create-meta-4.0.0.jar;C:\Users\Fatema\.m2\repository\io\cucumber\cucumber-java\6.10.4\cucumber-java-6.10.4.jar;C:\Users\Fatema\.m2\repository\org\hamcrest\hamcrest\2.2\hamcrest-2.2.jar;C:\Users\Fatema\.m2\repository\io\github\bonigarcia\webdrivermanager\5.0.3\webdrivermanager-5.0.3.jar;C:\Users\Fatema\.m2\repository\com\github\docker-java\docker-java\3.2.12\docker-java-3.2.12.jar;C:\Users\Fatema\.m2\repository\com\github\docker-java\docker-java-core\3.2.12\docker-java-core-3.2.12.jar;C:\Users\Fatema\.m2\repository\com\github\docker-java\docker-java-api\3.2.12\docker-java-api-3.2.12.jar;C:\Users\Fatema\.m2\repository\com\fasterxml\jackson\core\jackson-annotations\2.10.3\jackson-annotations-2.10.3.jar;C:\Users\Fatema\.m2\repository\commons-io\commons-io\2.6\commons-io-2.6.jar;C:\Users\Fatema\.m2\repository\org\apache\commons\commons-compress\1.21\commons-compress-1.21.jar;C:\Users\Fatema\.m2\repository\commons-lang\commons-lang\2.6\commons-lang-2.6.jar;C:\Users\Fatema\.m2\repository\com\fasterxml\jackson\core\jackson-databind\2.10.3\jackson-databind-2.10.3.jar;C:\Users\Fatema\.m2\repository\com\fasterxml\jackson\core\jackson-core\2.10.3\jackson-core-2.10.3.jar;C:\Users\Fatema\.m2\repository\org\bouncycastle\bcpkix-jdk15on\1.64\bcpkix-jdk15on-1.64.jar;C:\Users\Fatema\.m2\repository\org\bouncycastle\bcprov-jdk15on\1.64\bcprov-jdk15on-1.64.jar;C:\Users\Fatema\.m2\repository\org\slf4j\jcl-over-slf4j\1.7.30\jcl-over-slf4j-1.7.30.jar;C:\Users\Fatema\.m2\repository\com\github\docker-java\docker-java-transport-httpclient5\3.2.12\docker-java-transport-httpclient5-3.2.12.jar;C:\Users\Fatema\.m2\repository\com\github\docker-java\docker-java-transport\3.2.12\docker-java-transport-3.2.12.jar;C:\Users\Fatema\.m2\repository\org\apache\httpcomponents\client5\httpclient5\5.0.3\httpclient5-5.0.3.jar;C:\Users\Fatema\.m2\repository\org\apache\httpcomponents\core5\httpcore5\5.0.2\httpcore5-5.0.2.jar;C:\Users\Fatema\.m2\repository\net\java\dev\jna\jna\5.8.0\jna-5.8.0.jar;C:\Users\Fatema\.m2\repository\org\brotli\dec\0.1.2\dec-0.1.2.jar;"/>
    <property name="java.vm.vendor" value="Eclipse Adoptium"/>
    <property name="sun.arch.data.model" value="64"/>
    <property name="user.variant" value=""/>
    <property name="java.vendor.url" value="https://adoptium.net/"/>
    <property name="user.timezone" value="America/New_York"/>
    <property name="os.name" value="Windows 10"/>
    <property name="java.vm.specification.version" value="17"/>
    <property name="sun.java.launcher" value="SUN_STANDARD"/>
    <property name="user.country" value="US"/>
    <property name="sun.boot.library.path" value="C:\Users\Fatema\.p2\pool\plugins\org.eclipse.justj.openjdk.hotspot.jre.full.win32.x86_64_17.0.6.v20230204-1729\jre\bin"/>
    <property name="sun.java.command" value="C:\Users\Fatema\AppData\Local\Temp\surefire1404113933825559264\surefirebooter12106271972279043397.jar C:\Users\Fatema\AppData\Local\Temp\surefire1404113933825559264 2023-05-16T22-15-20_781-jvmRun1 surefire6040837198602742145tmp surefire_018109955948022981768tmp"/>
    <property name="jdk.debug" value="release"/>
    <property name="surefire.test.class.path" value="C:\Users\Fatema\eclipse-workspace\hybrid_Automation_FW_Fatem\target\test-classes;C:\Users\Fatema\eclipse-workspace\hybrid_Automation_FW_Fatem\target\classes;C:\Users\Fatema\.m2\repository\com\aventstack\extentreports\3.1.2\extentreports-3.1.2.jar;C:\Users\Fatema\.m2\repository\org\freemarker\freemarker\2.3.23\freemarker-2.3.23.jar;C:\Users\Fatema\.m2\repository\org\mongodb\mongodb-driver\3.3.0\mongodb-driver-3.3.0.jar;C:\Users\Fatema\.m2\repository\org\mongodb\bson\3.3.0\bson-3.3.0.jar;C:\Users\Fatema\.m2\repository\org\mongodb\mongodb-driver-core\3.3.0\mongodb-driver-core-3.3.0.jar;C:\Users\Fatema\.m2\repository\org\apache\httpcomponents\httpclient\4.5.2\httpclient-4.5.2.jar;C:\Users\Fatema\.m2\repository\org\apache\httpcomponents\httpcore\4.4.4\httpcore-4.4.4.jar;C:\Users\Fatema\.m2\repository\commons-logging\commons-logging\1.2\commons-logging-1.2.jar;C:\Users\Fatema\.m2\repository\org\apache\httpcomponents\httpmime\4.5.2\httpmime-4.5.2.jar;C:\Users\Fatema\.m2\repository\org\jsoup\jsoup\1.9.2\jsoup-1.9.2.jar;C:\Users\Fatema\.m2\repository\com\google\code\gson\gson\2.8.0\gson-2.8.0.jar;C:\Users\Fatema\.m2\repository\org\testng\testng\6.14.3\testng-6.14.3.jar;C:\Users\Fatema\.m2\repository\com\beust\jcommander\1.72\jcommander-1.72.jar;C:\Users\Fatema\.m2\repository\org\apache-extras\beanshell\bsh\2.0b6\bsh-2.0b6.jar;C:\Users\Fatema\.m2\repository\com\oracle\ojdbc\ojdbc8\19.3.0.0\ojdbc8-19.3.0.0.jar;C:\Users\Fatema\.m2\repository\com\oracle\ojdbc\ucp\19.3.0.0\ucp-19.3.0.0.jar;C:\Users\Fatema\.m2\repository\com\oracle\ojdbc\oraclepki\19.3.0.0\oraclepki-19.3.0.0.jar;C:\Users\Fatema\.m2\repository\com\oracle\ojdbc\osdt_cert\19.3.0.0\osdt_cert-19.3.0.0.jar;C:\Users\Fatema\.m2\repository\com\oracle\ojdbc\osdt_core\19.3.0.0\osdt_core-19.3.0.0.jar;C:\Users\Fatema\.m2\repository\com\oracle\ojdbc\simplefan\19.3.0.0\simplefan-19.3.0.0.jar;C:\Users\Fatema\.m2\repository\com\oracle\ojdbc\ons\19.3.0.0\ons-19.3.0.0.jar;C:\Users\Fatema\.m2\repository\org\apache\poi\poi\3.11\poi-3.11.jar;C:\Users\Fatema\.m2\repository\commons-codec\commons-codec\1.9\commons-codec-1.9.jar;C:\Users\Fatema\.m2\repository\org\apache\poi\poi-ooxml\3.11\poi-ooxml-3.11.jar;C:\Users\Fatema\.m2\repository\org\apache\poi\poi-ooxml-schemas\3.11\poi-ooxml-schemas-3.11.jar;C:\Users\Fatema\.m2\repository\org\apache\xmlbeans\xmlbeans\2.6.0\xmlbeans-2.6.0.jar;C:\Users\Fatema\.m2\repository\stax\stax-api\1.0.1\stax-api-1.0.1.jar;C:\Users\Fatema\.m2\repository\org\seleniumhq\selenium\selenium-java\3.141.59\selenium-java-3.141.59.jar;C:\Users\Fatema\.m2\repository\org\seleniumhq\selenium\selenium-api\3.141.59\selenium-api-3.141.59.jar;C:\Users\Fatema\.m2\repository\org\seleniumhq\selenium\selenium-chrome-driver\3.141.59\selenium-chrome-driver-3.141.59.jar;C:\Users\Fatema\.m2\repository\org\seleniumhq\selenium\selenium-edge-driver\3.141.59\selenium-edge-driver-3.141.59.jar;C:\Users\Fatema\.m2\repository\org\seleniumhq\selenium\selenium-firefox-driver\3.141.59\selenium-firefox-driver-3.141.59.jar;C:\Users\Fatema\.m2\repository\org\seleniumhq\selenium\selenium-ie-driver\3.141.59\selenium-ie-driver-3.141.59.jar;C:\Users\Fatema\.m2\repository\org\seleniumhq\selenium\selenium-opera-driver\3.141.59\selenium-opera-driver-3.141.59.jar;C:\Users\Fatema\.m2\repository\org\seleniumhq\selenium\selenium-remote-driver\3.141.59\selenium-remote-driver-3.141.59.jar;C:\Users\Fatema\.m2\repository\org\seleniumhq\selenium\selenium-safari-driver\3.141.59\selenium-safari-driver-3.141.59.jar;C:\Users\Fatema\.m2\repository\org\seleniumhq\selenium\selenium-support\3.141.59\selenium-support-3.141.59.jar;C:\Users\Fatema\.m2\repository\net\bytebuddy\byte-buddy\1.8.15\byte-buddy-1.8.15.jar;C:\Users\Fatema\.m2\repository\org\apache\commons\commons-exec\1.3\commons-exec-1.3.jar;C:\Users\Fatema\.m2\repository\com\google\guava\guava\25.0-jre\guava-25.0-jre.jar;C:\Users\Fatema\.m2\repository\com\google\code\findbugs\jsr305\1.3.9\jsr305-1.3.9.jar;C:\Users\Fatema\.m2\repository\org\checkerframework\checker-compat-qual\2.0.0\checker-compat-qual-2.0.0.jar;C:\Users\Fatema\.m2\repository\com\google\errorprone\error_prone_annotations\2.1.3\error_prone_annotations-2.1.3.jar;C:\Users\Fatema\.m2\repository\com\google\j2objc\j2objc-annotations\1.1\j2objc-annotations-1.1.jar;C:\Users\Fatema\.m2\repository\org\codehaus\mojo\animal-sniffer-annotations\1.14\animal-sniffer-annotations-1.14.jar;C:\Users\Fatema\.m2\repository\com\squareup\okhttp3\okhttp\3.11.0\okhttp-3.11.0.jar;C:\Users\Fatema\.m2\repository\com\squareup\okio\okio\1.14.0\okio-1.14.0.jar;C:\Users\Fatema\.m2\repository\org\slf4j\slf4j-api\1.7.25\slf4j-api-1.7.25.jar;C:\Users\Fatema\.m2\repository\org\slf4j\slf4j-log4j12\1.7.25\slf4j-log4j12-1.7.25.jar;C:\Users\Fatema\.m2\repository\log4j\log4j\1.2.17\log4j-1.2.17.jar;C:\Users\Fatema\.m2\repository\io\cucumber\cucumber-testng\6.10.4\cucumber-testng-6.10.4.jar;C:\Users\Fatema\.m2\repository\org\apiguardian\apiguardian-api\1.1.1\apiguardian-api-1.1.1.jar;C:\Users\Fatema\.m2\repository\io\cucumber\cucumber-core\6.10.4\cucumber-core-6.10.4.jar;C:\Users\Fatema\.m2\repository\io\cucumber\cucumber-gherkin\6.10.4\cucumber-gherkin-6.10.4.jar;C:\Users\Fatema\.m2\repository\io\cucumber\cucumber-gherkin-messages\6.10.4\cucumber-gherkin-messages-6.10.4.jar;C:\Users\Fatema\.m2\repository\io\cucumber\messages\15.0.0\messages-15.0.0.jar;C:\Users\Fatema\.m2\repository\io\cucumber\tag-expressions\3.0.1\tag-expressions-3.0.1.jar;C:\Users\Fatema\.m2\repository\io\cucumber\cucumber-expressions\10.3.0\cucumber-expressions-10.3.0.jar;C:\Users\Fatema\.m2\repository\io\cucumber\datatable\3.5.0\datatable-3.5.0.jar;C:\Users\Fatema\.m2\repository\io\cucumber\cucumber-plugin\6.10.4\cucumber-plugin-6.10.4.jar;C:\Users\Fatema\.m2\repository\io\cucumber\docstring\6.10.4\docstring-6.10.4.jar;C:\Users\Fatema\.m2\repository\io\cucumber\html-formatter\13.0.0\html-formatter-13.0.0.jar;C:\Users\Fatema\.m2\repository\io\cucumber\create-meta\4.0.0\create-meta-4.0.0.jar;C:\Users\Fatema\.m2\repository\io\cucumber\cucumber-java\6.10.4\cucumber-java-6.10.4.jar;C:\Users\Fatema\.m2\repository\org\hamcrest\hamcrest\2.2\hamcrest-2.2.jar;C:\Users\Fatema\.m2\repository\io\github\bonigarcia\webdrivermanager\5.0.3\webdrivermanager-5.0.3.jar;C:\Users\Fatema\.m2\repository\com\github\docker-java\docker-java\3.2.12\docker-java-3.2.12.jar;C:\Users\Fatema\.m2\repository\com\github\docker-java\docker-java-core\3.2.12\docker-java-core-3.2.12.jar;C:\Users\Fatema\.m2\repository\com\github\docker-java\docker-java-api\3.2.12\docker-java-api-3.2.12.jar;C:\Users\Fatema\.m2\repository\com\fasterxml\jackson\core\jackson-annotations\2.10.3\jackson-annotations-2.10.3.jar;C:\Users\Fatema\.m2\repository\commons-io\commons-io\2.6\commons-io-2.6.jar;C:\Users\Fatema\.m2\repository\org\apache\commons\commons-compress\1.21\commons-compress-1.21.jar;C:\Users\Fatema\.m2\repository\commons-lang\commons-lang\2.6\commons-lang-2.6.jar;C:\Users\Fatema\.m2\repository\com\fasterxml\jackson\core\jackson-databind\2.10.3\jackson-databind-2.10.3.jar;C:\Users\Fatema\.m2\repository\com\fasterxml\jackson\core\jackson-core\2.10.3\jackson-core-2.10.3.jar;C:\Users\Fatema\.m2\repository\org\bouncycastle\bcpkix-jdk15on\1.64\bcpkix-jdk15on-1.64.jar;C:\Users\Fatema\.m2\repository\org\bouncycastle\bcprov-jdk15on\1.64\bcprov-jdk15on-1.64.jar;C:\Users\Fatema\.m2\repository\org\slf4j\jcl-over-slf4j\1.7.30\jcl-over-slf4j-1.7.30.jar;C:\Users\Fatema\.m2\repository\com\github\docker-java\docker-java-transport-httpclient5\3.2.12\docker-java-transport-httpclient5-3.2.12.jar;C:\Users\Fatema\.m2\repository\com\github\docker-java\docker-java-transport\3.2.12\docker-java-transport-3.2.12.jar;C:\Users\Fatema\.m2\repository\org\apache\httpcomponents\client5\httpclient5\5.0.3\httpclient5-5.0.3.jar;C:\Users\Fatema\.m2\repository\org\apache\httpcomponents\core5\httpcore5\5.0.2\httpcore5-5.0.2.jar;C:\Users\Fatema\.m2\repository\net\java\dev\jna\jna\5.8.0\jna-5.8.0.jar;C:\Users\Fatema\.m2\repository\org\brotli\dec\0.1.2\dec-0.1.2.jar;"/>
    <property name="sun.cpu.endian" value="little"/>
    <property name="user.home" value="C:\Users\Fatema"/>
    <property name="user.language" value="en"/>
    <property name="java.specification.vendor" value="Oracle Corporation"/>
    <property name="java.version.date" value="2023-01-17"/>
    <property name="java.home" value="C:\Users\Fatema\.p2\pool\plugins\org.eclipse.justj.openjdk.hotspot.jre.full.win32.x86_64_17.0.6.v20230204-1729\jre"/>
    <property name="file.separator" value="\"/>
    <property name="style.color" value="always"/>
    <property name="basedir" value="C:\Users\Fatema\eclipse-workspace\hybrid_Automation_FW_Fatem"/>
    <property name="java.vm.compressedOopsMode" value="Zero based"/>
    <property name="line.separator" value="&#10;"/>
    <property name="java.vm.specification.vendor" value="Oracle Corporation"/>
    <property name="java.specification.name" value="Java Platform API Specification"/>
    <property name="surefire.real.class.path" value="C:\Users\Fatema\AppData\Local\Temp\surefire1404113933825559264\surefirebooter12106271972279043397.jar"/>
    <property name="user.script" value=""/>
    <property name="sun.management.compiler" value="HotSpot 64-Bit Tiered Compilers"/>
    <property name="java.runtime.version" value="17.0.6+10"/>
    <property name="user.name" value="Fatema"/>
    <property name="path.separator" value=";"/>
    <property name="os.version" value="10.0"/>
    <property name="java.runtime.name" value="OpenJDK Runtime Environment"/>
    <property name="file.encoding" value="Cp1252"/>
    <property name="java.vm.name" value="OpenJDK 64-Bit Server VM"/>
    <property name="java.vendor.version" value="Temurin-17.0.6+10"/>
    <property name="localRepository" value="C:\Users\Fatema\.m2\repository"/>
    <property name="java.vendor.url.bug" value="https://github.com/adoptium/adoptium-support/issues"/>
    <property name="java.io.tmpdir" value="C:\Users\Fatema\AppData\Local\Temp\"/>
    <property name="java.version" value="17.0.6"/>
    <property name="user.dir" value="C:\Users\Fatema\eclipse-workspace\hybrid_Automation_FW_Fatem"/>
    <property name="os.arch" value="amd64"/>
    <property name="java.vm.specification.name" value="Java Virtual Machine Specification"/>
    <property name="sun.os.patch.level" value=""/>
    <property name="native.encoding" value="Cp1252"/>
    <property name="java.library.path" value="C:\Users\Fatema\.p2\pool\plugins\org.eclipse.justj.openjdk.hotspot.jre.full.win32.x86_64_17.0.6.v20230204-1729\jre\bin;C:\WINDOWS\Sun\Java\bin;C:\WINDOWS\system32;C:\WINDOWS;C:/Users/Fatema/.p2/pool/plugins/org.eclipse.justj.openjdk.hotspot.jre.full.win32.x86_64_17.0.6.v20230204-1729/jre/bin/server;C:/Users/Fatema/.p2/pool/plugins/org.eclipse.justj.openjdk.hotspot.jre.full.win32.x86_64_17.0.6.v20230204-1729/jre/bin;C:\Program Files\Common Files\Oracle\Java\javapath;C:\WINDOWS\system32;C:\WINDOWS;C:\WINDOWS\System32\Wbem;C:\WINDOWS\System32\WindowsPowerShell\v1.0\;C:\WINDOWS\System32\OpenSSH\;C:\Program Files\dotnet\;C:\Program Files (x86)\NVIDIA Corporation\PhysX\Common;C:\Program Files\NVIDIA Corporation\NVIDIA NvDLISR;C:\Program Files (x86)\Intel\Intel(R) Management Engine Components\DAL;C:\Program Files\Intel\Intel(R) Management Engine Components\DAL;C:\Program Files\Azure Data Studio\bin;C:\Program Files\Microsoft SQL Server\Client SDK\ODBC\170\Tools\Binn\;C:\Program Files (x86)\Microsoft SQL Server\150\Tools\Binn\;C:\Program Files\Microsoft SQL Server\150\Tools\Binn\;C:\Program Files\Microsoft SQL Server\150\DTS\Binn\;C:\Program Files (x86)\Microsoft SQL Server\150\DTS\Binn\;C:\Program Files\Git\cmd;C:\Program Files\Java\jdk-11.0.17\bin;C:\Users\Fatema\AppData\Local\Microsoft\WindowsApps;C:\Program Files\Azure Data Studio\bin;C:\Users\Fatema\apache-maven-3.9.0\bin;C:\Program Files\Java\jdk-11.0.17\bin;C:\Program Files\Git\bin;;C:\WINDOWS\System32;;."/>
    <property name="java.vm.info" value="mixed mode"/>
    <property name="java.vendor" value="Eclipse Adoptium"/>
    <property name="java.vm.version" value="17.0.6+10"/>
    <property name="sun.io.unicode.encoding" value="UnicodeLittle"/>
    <property name="java.class.version" value="61.0"/>
  </properties>
  <testcase name="runScenario[&quot;user able to select the product, add to cart, add shipping information, place order, &amp; verify the order confirmation number&quot;, &quot;Optional[user able to purchase the product and verify the order confirmation]&quot;](1)" classname="luma.usa.myRunnerTest.MyRunner" time="49.909">
    <failure message="Expected condition failed: waiting for element to be clickable: [[ChromeDriver: chrome on WINDOWS (0f2353f69c5d7dbbdb06e966327f74a5)] -&gt; xpath: //input[@name=&apos;firstname&apos;]] (tried for 30 second(s) with 500 milliseconds interval)&#10;Build info: version: &apos;3.141.59&apos;, revision: &apos;e82be7d358&apos;, time: &apos;2018-11-14T08:17:03&apos;&#10;System info: host: &apos;DESKTOP-TAA5V0N&apos;, ip: &apos;192.168.56.1&apos;, os.name: &apos;Windows 10&apos;, os.arch: &apos;amd64&apos;, os.version: &apos;10.0&apos;, java.version: &apos;17.0.6&apos;&#10;Driver info: org.openqa.selenium.chrome.ChromeDriver&#10;Capabilities {acceptInsecureCerts: false, browserName: chrome, browserVersion: 113.0.5672.93, chrome: {chromedriverVersion: 113.0.5672.63 (0e1a4471d5ae..., userDataDir: C:\Users\Fatema\AppData\Loc...}, goog:chromeOptions: {debuggerAddress: localhost:55479}, javascriptEnabled: true, networkConnectionEnabled: false, pageLoadStrategy: normal, platform: WINDOWS, platformName: WINDOWS, proxy: Proxy(), setWindowRect: true, strictFileInteractability: false, timeouts: {implicit: 0, pageLoad: 300000, script: 30000}, unhandledPromptBehavior: dismiss and notify, webauthn:extension:credBlob: true, webauthn:extension:largeBlob: true, webauthn:extension:minPinLength: true, webauthn:extension:prf: true, webauthn:virtualAuthenticators: true}&#10;Session ID: 0f2353f69c5d7dbbdb06e966327f74a5" type="org.openqa.selenium.TimeoutException"><![CDATA[org.openqa.selenium.TimeoutException: 
Expected condition failed: waiting for element to be clickable: [[ChromeDriver: chrome on WINDOWS (0f2353f69c5d7dbbdb06e966327f74a5)] -> xpath: //input[@name='firstname']] (tried for 30 second(s) with 500 milliseconds interval)
Build info: version: '3.141.59', revision: 'e82be7d358', time: '2018-11-14T08:17:03'
System info: host: 'DESKTOP-TAA5V0N', ip: '192.168.56.1', os.name: 'Windows 10', os.arch: 'amd64', os.version: '10.0', java.version: '17.0.6'
Driver info: org.openqa.selenium.chrome.ChromeDriver
Capabilities {acceptInsecureCerts: false, browserName: chrome, browserVersion: 113.0.5672.93, chrome: {chromedriverVersion: 113.0.5672.63 (0e1a4471d5ae..., userDataDir: C:\Users\Fatema\AppData\Loc...}, goog:chromeOptions: {debuggerAddress: localhost:55479}, javascriptEnabled: true, networkConnectionEnabled: false, pageLoadStrategy: normal, platform: WINDOWS, platformName: WINDOWS, proxy: Proxy(), setWindowRect: true, strictFileInteractability: false, timeouts: {implicit: 0, pageLoad: 300000, script: 30000}, unhandledPromptBehavior: dismiss and notify, webauthn:extension:credBlob: true, webauthn:extension:largeBlob: true, webauthn:extension:minPinLength: true, webauthn:extension:prf: true, webauthn:virtualAuthenticators: true}
Session ID: 0f2353f69c5d7dbbdb06e966327f74a5
]]></failure>
    <system-out><![CDATA[
Scenario: user able to select the product, add to cart, add shipping information, place order, & verify the order confirmation number &amp#27;[90m# Features/FunctionalTest.feature:3&amp#27;[0m
======Automation Started=========
 INFO [main] (WebDriverManager.java:966)- Using chromedriver 113.0.5672.63 (resolved driver for Chrome 113)
 INFO [main] (WebDriverManager.java:1021)- Exporting webdriver.chrome.driver as C:\Users\Fatema\.cache\selenium\chromedriver\win32\113.0.5672.63\chromedriver.exe
Screenshot taken
  &amp#27;[32mGiven &amp#27;[0m&amp#27;[32muser able to login the application&amp#27;[0m                                                                                            &amp#27;[90m# luma.usa.stepDefinition.FunctionalStepDefinition.user_able_to_login_the_application()&amp#27;[0m
 INFO [main] (FunctionalStepDefinition.java:25)- >>>>user able to select Men module<<<< 
 INFO [main] (FunctionalStepDefinition.java:29)- >>>>user able to select Tops from Men module<<<< 
 INFO [main] (FunctionalStepDefinition.java:33)- >>>>user able to click Jackets from   from Tops module<<<< 
  &amp#27;[32mWhen &amp#27;[0m&amp#27;[32muser able to select Jackets from Men module&amp#27;[0m                                                                                    &amp#27;[90m# luma.usa.stepDefinition.FunctionalStepDefinition.user_able_to_select_jackets_from_men_module()&amp#27;[0m
 INFO [main] (FunctionalStepDefinition.java:41)- >>>>user able to select a Jacket <<<< 
Screenshot taken
 INFO [main] (FunctionalStepDefinition.java:48)- >>>>user able to select a Color <<<< 
 INFO [main] (FunctionalStepDefinition.java:52)- >>>>user able to enter quantity <<<< 
  &amp#27;[32mAnd &amp#27;[0m&amp#27;[32muser able to select a Jacket product's size, color, quantity&amp#27;[0m                                                                    &amp#27;[90m# luma.usa.stepDefinition.FunctionalStepDefinition.user_able_to_select_a_jacket_product_s_size_color_quantity()&amp#27;[0m
 INFO [main] (FunctionalStepDefinition.java:63)- >>>>user able to click add to cart button <<<< 
  &amp#27;[32mAnd &amp#27;[0m&amp#27;[32muser able to click add to cart button&amp#27;[0m                                                                                           &amp#27;[90m# luma.usa.stepDefinition.FunctionalStepDefinition.user_able_to_click_add_to_cart_button()&amp#27;[0m
 INFO [main] (FunctionalStepDefinition.java:71)- >>>>user able to click on the shopping cart pop-up<<<< 
  &amp#27;[32mAnd &amp#27;[0m&amp#27;[32muser able to click on the shopping cart pop-up&amp#27;[0m                                                                                  &amp#27;[90m# luma.usa.stepDefinition.FunctionalStepDefinition.user_able_to_click_on_the_shopping_cart_pop_up()&amp#27;[0m
 INFO [main] (FunctionalStepDefinition.java:78)- >>>>user able to click on the proceed to checkout Button<<<< 
  &amp#27;[32mAnd &amp#27;[0m&amp#27;[32muser able to click on the proceed to checkout&amp#27;[0m                                                                                   &amp#27;[90m# luma.usa.stepDefinition.FunctionalStepDefinition.user_able_to_click_on_the_proceed_to_checkout()&amp#27;[0m
 INFO [main] (FunctionalStepDefinition.java:85)- >>>>user able to add shipping information <<<< 
 INFO [main] (PageFactoryElements.java:291)- >>>>user able to Enter First Name<<<< 
  &amp#27;[31mAnd &amp#27;[0m&amp#27;[31muser able to add shipping information&amp#27;[0m                                                                                           &amp#27;[90m# luma.usa.stepDefinition.FunctionalStepDefinition.user_able_to_add_shipping_information()&amp#27;[0m
      &amp#27;[31morg.openqa.selenium.TimeoutException: Expected condition failed: waiting for element to be clickable: [[ChromeDriver: chrome on WINDOWS (0f2353f69c5d7dbbdb06e966327f74a5)] -> xpath: //input[@name='firstname']] (tried for 30 second(s) with 500 milliseconds interval)
Build info: version: '3.141.59', revision: 'e82be7d358', time: '2018-11-14T08:17:03'
System info: host: 'DESKTOP-TAA5V0N', ip: '192.168.56.1', os.name: 'Windows 10', os.arch: 'amd64', os.version: '10.0', java.version: '17.0.6'
Driver info: org.openqa.selenium.chrome.ChromeDriver
Capabilities {acceptInsecureCerts: false, browserName: chrome, browserVersion: 113.0.5672.93, chrome: {chromedriverVersion: 113.0.5672.63 (0e1a4471d5ae..., userDataDir: C:\Users\Fatema\AppData\Loc...}, goog:chromeOptions: {debuggerAddress: localhost:55479}, javascriptEnabled: true, networkConnectionEnabled: false, pageLoadStrategy: normal, platform: WINDOWS, platformName: WINDOWS, proxy: Proxy(), setWindowRect: true, strictFileInteractability: false, timeouts: {implicit: 0, pageLoad: 300000, script: 30000}, unhandledPromptBehavior: dismiss and notify, webauthn:extension:credBlob: true, webauthn:extension:largeBlob: true, webauthn:extension:minPinLength: true, webauthn:extension:prf: true, webauthn:virtualAuthenticators: true}
Session ID: 0f2353f69c5d7dbbdb06e966327f74a5
	at org.openqa.selenium.support.ui.WebDriverWait.timeoutException(WebDriverWait.java:95)
	at org.openqa.selenium.support.ui.FluentWait.until(FluentWait.java:272)
	at luma.usa.genericFunctions.WaitHelper.seleniumWait(WaitHelper.java:15)
	at luma.usa.elementPage.PageFactoryElements.AddNewShippingDetails(PageFactoryElements.java:292)
	at luma.usa.stepDefinition.FunctionalStepDefinition.user_able_to_add_shipping_information(FunctionalStepDefinition.java:86)
	at âœ½.user able to add shipping information(file:///C:/Users/Fatema/eclipse-workspace/hybrid_Automation_FW_Fatem/./Features/FunctionalTest.feature:10)
&amp#27;[0m
  &amp#27;[36mAnd &amp#27;[0m&amp#27;[36muser able to select shipping method radio button and click on next button&amp#27;[0m                                                       &amp#27;[90m# luma.usa.stepDefinition.FunctionalStepDefinition.user_able_to_select_shipping_method_radio_button_and_click_on_next_button()&amp#27;[0m
  &amp#27;[36mAnd &amp#27;[0m&amp#27;[36muser able to click on the place order button&amp#27;[0m                                                                                    &amp#27;[90m# luma.usa.stepDefinition.FunctionalStepDefinition.user_able_to_click_on_the_place_order_button()&amp#27;[0m
  &amp#27;[36mThen &amp#27;[0m&amp#27;[36muser able to verify the confirmation message &amp#27;[0m&amp#27;[36m&amp#27;[1m"Thank you for your purchase!"&amp#27;[0m                                                    &amp#27;[90m# luma.usa.stepDefinition.FunctionalStepDefinition.user_able_to_verify_the_confirmation_message(java.lang.String)&amp#27;[0m
======Automation completed and closed the browser=========
Test will fail and take screenshot runScenario
Exception while taking screenshot Session ID is null. Using WebDriver after calling quit()?
Build info: version: '3.141.59', revision: 'e82be7d358', time: '2018-11-14T08:17:03'
System info: host: 'DESKTOP-TAA5V0N', ip: '192.168.56.1', os.name: 'Windows 10', os.arch: 'amd64', os.version: '10.0', java.version: '17.0.6'
Driver info: driver.version: RemoteWebDriver
]]></system-out>
    <system-err><![CDATA[Starting ChromeDriver 113.0.5672.63 (0e1a4471d5ae5bf128b1bd8f4d627c8cbd55f70c-refs/branch-heads/5672@{#912}) on port 12586
Only local connections are allowed.
Please see https://chromedriver.chromium.org/security-considerations for suggestions on keeping ChromeDriver safe.
ChromeDriver was started successfully.
May 16, 2023 10:15:24 PM org.openqa.selenium.remote.ProtocolHandshake createSession
INFO: Detected dialect: W3C
]]></system-err>
  </testcase>
</testsuite>