<?xml version="1.0" encoding="UTF-8"?>
<!-- Generated by org.testng.reporters.JUnitReportReporter -->
<testsuite hostname="DESKTOP-TAA5V0N" failures="0" tests="1" name="luma.usa.myRunnerTest.MyRunner" time="30.579" errors="0" timestamp="17 May 2023 02:37:56 GMT" skipped="0">
  <testcase classname="luma.usa.myRunnerTest.MyRunner" name="runScenario" time="30.579"/>
</testsuite> <!-- luma.usa.myRunnerTest.MyRunner -->
