<?xml version="1.0" encoding="UTF-8"?>
<!-- Generated by org.testng.reporters.JUnitReportReporter -->
<testsuite hostname="DESKTOP-TAA5V0N" failures="0" tests="3" name="com.TestNG.CrossBrowserTesting" time="4.667" errors="0" timestamp="05 May 2023 01:29:59 GMT" skipped="0">
  <testcase classname="com.TestNG.CrossBrowserTesting" name="getTest" time="2.051"/>
  <testcase classname="com.TestNG.CrossBrowserTesting" name="getTest" time="1.611"/>
  <testcase classname="com.TestNG.CrossBrowserTesting" name="getTest" time="1.005"/>
</testsuite> <!-- com.TestNG.CrossBrowserTesting -->
