<?xml version="1.0" encoding="UTF-8"?>
<!-- Generated by org.testng.reporters.JUnitReportReporter -->
<testsuite hostname="DESKTOP-TAA5V0N" failures="0" tests="4" name="com.TestNG.ParallelTesting" time="15.213" errors="0" timestamp="05 May 2023 00:24:32 GMT" skipped="0">
  <testcase classname="com.TestNG.ParallelTesting" name="getOpenBrowserNode2" time="4.280"/>
  <testcase classname="com.TestNG.ParallelTesting" name="getOpenBrowserNode3" time="3.728"/>
  <testcase classname="com.TestNG.ParallelTesting" name="getOpenBrowserNode1" time="4.044"/>
  <testcase classname="com.TestNG.ParallelTesting" name="getOpenBrowserNode4" time="3.161"/>
</testsuite> <!-- com.TestNG.ParallelTesting -->
