<?xml version="1.0" encoding="UTF-8"?>
<!-- Generated by org.testng.reporters.JUnitReportReporter -->
<testsuite hostname="DESKTOP-TAA5V0N" failures="0" tests="3" name="com.TestNG.InvocationCountTest" time="0.021" errors="0" timestamp="02 May 2023 01:02:22 GMT" skipped="0">
  <testcase classname="com.TestNG.InvocationCountTest" name="getTest" time="0.018"/>
  <testcase classname="com.TestNG.InvocationCountTest" name="getTest" time="0.001"/>
  <testcase classname="com.TestNG.InvocationCountTest" name="getTest" time="0.002"/>
</testsuite> <!-- com.TestNG.InvocationCountTest -->
