<?xml version="1.0" encoding="UTF-8"?>
<!-- Generated by org.testng.reporters.JUnitReportReporter -->
<testsuite hostname="DESKTOP-TAA5V0N" failures="0" tests="5" name="com.TestNG.EnableTrueFalse" time="0.019" errors="0" timestamp="02 May 2023 01:00:53 GMT" skipped="3">
  <testcase classname="com.TestNG.EnableTrueFalse" name="getTest3" time="0.002"/>
  <testcase classname="com.TestNG.EnableTrueFalse" name="getTest1" time="0.017"/>
  <testcase classname="com.TestNG.EnableTrueFalse" name="getTest2">
    <skipped/>
  </testcase> <!-- getTest2 -->
  <testcase classname="com.TestNG.EnableTrueFalse" name="getTest5">
    <skipped/>
  </testcase> <!-- getTest5 -->
  <testcase classname="com.TestNG.EnableTrueFalse" name="getTest4">
    <skipped/>
  </testcase> <!-- getTest4 -->
</testsuite> <!-- com.TestNG.EnableTrueFalse -->
