<?xml version="1.0" encoding="UTF-8"?>
<!-- Generated by org.testng.reporters.JUnitReportReporter -->
<testsuite hostname="DESKTOP-TAA5V0N" failures="0" tests="2" name="com.TestNG.TestNG_Annotation" time="0.009" errors="0" timestamp="02 May 2023 00:36:38 GMT" skipped="0">
  <testcase classname="com.TestNG.TestNG_Annotation" name="getTest2" time="0.003"/>
  <testcase classname="com.TestNG.TestNG_Annotation" name="getTest1" time="0.006"/>
</testsuite> <!-- com.TestNG.TestNG_Annotation -->
