<?xml version="1.0" encoding="UTF-8"?>
<!-- Generated by org.testng.reporters.JUnitReportReporter -->
<testsuite hostname="DESKTOP-TAA5V0N" failures="0" tests="3" name="com.TestNG.PriorityTest" time="0.019" errors="0" timestamp="02 May 2023 00:47:46 GMT" skipped="0">
  <testcase classname="com.TestNG.PriorityTest" name="getTest2" time="0.016"/>
  <testcase classname="com.TestNG.PriorityTest" name="getTest3" time="0.002"/>
  <testcase classname="com.TestNG.PriorityTest" name="getTest1" time="0.001"/>
</testsuite> <!-- com.TestNG.PriorityTest -->
