<?xml version="1.0" encoding="UTF-8"?>
<!-- Generated by org.testng.reporters.JUnitReportReporter -->
<testsuite hostname="DESKTOP-TAA5V0N" failures="0" tests="2" name="com.TestNG.TestNG_DependsOnMethod" time="0.022" errors="0" timestamp="02 May 2023 00:56:32 GMT" skipped="0">
  <testcase classname="com.TestNG.TestNG_DependsOnMethod" name="getMethod2" time="0.003"/>
  <testcase classname="com.TestNG.TestNG_DependsOnMethod" name="getMethod1" time="0.019"/>
</testsuite> <!-- com.TestNG.TestNG_DependsOnMethod -->
