<?xml version="1.0" encoding="UTF-8"?>
<!-- Generated by org.testng.reporters.JUnitReportReporter -->
<testsuite hostname="DESKTOP-TAA5V0N" failures="0" tests="4" name="com.TestNG.Login" time="0.014" errors="0" timestamp="02 May 2023 22:38:05 GMT" skipped="3">
  <testcase classname="com.TestNG.Login" name="getTest4" time="0.014"/>
  <testcase classname="com.TestNG.Login" name="getTest3">
    <skipped/>
  </testcase> <!-- getTest3 -->
  <testcase classname="com.TestNG.Login" name="getTest1">
    <skipped/>
  </testcase> <!-- getTest1 -->
  <testcase classname="com.TestNG.Login" name="getTest2">
    <skipped/>
  </testcase> <!-- getTest2 -->
</testsuite> <!-- com.TestNG.Login -->
