<?xml version="1.0" encoding="UTF-8"?>
<!-- Generated by org.testng.reporters.JUnitReportReporter -->
<testsuite hostname="DESKTOP-TAA5V0N" failures="0" tests="1" name="com.TestNG.TestNG_BasicAnnotation" time="0.028" errors="0" timestamp="02 May 2023 00:38:59 GMT" skipped="0">
  <testcase classname="com.TestNG.TestNG_BasicAnnotation" name="TestCase1" time="0.028"/>
</testsuite> <!-- com.TestNG.TestNG_BasicAnnotation -->
